<?xml version="1.0" encoding="UTF-8"?>
<testng-results skipped="0" failed="0" ignored="0" total="1" passed="1">
  <reporter-output>
  </reporter-output>
  <suite name="Default suite" duration-ms="71" started-at="2017-10-16T21:47:08Z" finished-at="2017-10-16T21:47:08Z">
    <groups>
    </groups>
    <test name="Default test" duration-ms="71" started-at="2017-10-16T21:47:08Z" finished-at="2017-10-16T21:47:08Z">
      <class name="testCases.VerifyProduct">
        <test-method status="PASS" signature="VerifyPrice()[pri:0, instance:testCases.VerifyProduct@47c62251]" name="VerifyPrice" duration-ms="28" started-at="2017-10-17T03:17:08Z" finished-at="2017-10-17T03:17:08Z">
          <reporter-output>
          </reporter-output>
        </test-method> <!-- VerifyPrice -->
      </class> <!-- testCases.VerifyProduct -->
    </test> <!-- Default test -->
  </suite> <!-- Default suite -->
</testng-results>
